{"/home/dmitriy_onix/Desktop/Archive/src/components/validation.js": {"path":"/home/dmitriy_onix/Desktop/Archive/src/components/validation.js","statementMap":{"0":{"start":{"line":1,"column":12},"end":{"line":1,"column":32}},"1":{"start":{"line":2,"column":18},"end":{"line":2,"column":37}},"2":{"start":{"line":20,"column":8},"end":{"line":20,"column":121}},"3":{"start":{"line":21,"column":8},"end":{"line":37,"column":11}},"4":{"start":{"line":27,"column":16},"end":{"line":32,"column":17}},"5":{"start":{"line":28,"column":20},"end":{"line":31,"column":22}},"6":{"start":{"line":33,"column":16},"end":{"line":35,"column":18}},"7":{"start":{"line":41,"column":0},"end":{"line":41,"column":28}}},"fnMap":{"0":{"name":"(anonymous_0)","decl":{"start":{"line":14,"column":4},"end":{"line":14,"column":5}},"loc":{"start":{"line":14,"column":18},"end":{"line":38,"column":5}},"line":14},"1":{"name":"(anonymous_1)","decl":{"start":{"line":26,"column":12},"end":{"line":26,"column":13}},"loc":{"start":{"line":26,"column":37},"end":{"line":36,"column":13}},"line":26}},"branchMap":{"0":{"loc":{"start":{"line":27,"column":16},"end":{"line":32,"column":17}},"type":"if","locations":[{"start":{"line":27,"column":16},"end":{"line":32,"column":17}},{"start":{},"end":{}}],"line":27}},"s":{"0":2,"1":2,"2":2,"3":2,"4":3,"5":0,"6":3,"7":2},"f":{"0":2,"1":3},"b":{"0":[0,3]},"_coverageSchema":"1a1c01bbd47fc00a2c39e90264f33305004495a9","hash":"d82d597315d6e71c1525ead90fb8369078215e0b"}
,"/home/dmitriy_onix/Desktop/Archive/src/components/User/index.js": {"path":"/home/dmitriy_onix/Desktop/Archive/src/components/User/index.js","statementMap":{"0":{"start":{"line":1,"column":20},"end":{"line":1,"column":40}},"1":{"start":{"line":2,"column":23},"end":{"line":2,"column":46}},"2":{"start":{"line":3,"column":24},"end":{"line":3,"column":62}},"3":{"start":{"line":13,"column":4},"end":{"line":26,"column":5}},"4":{"start":{"line":14,"column":22},"end":{"line":14,"column":49}},"5":{"start":{"line":16,"column":8},"end":{"line":18,"column":11}},"6":{"start":{"line":20,"column":8},"end":{"line":23,"column":11}},"7":{"start":{"line":25,"column":8},"end":{"line":25,"column":20}},"8":{"start":{"line":37,"column":4},"end":{"line":63,"column":5}},"9":{"start":{"line":38,"column":26},"end":{"line":38,"column":61}},"10":{"start":{"line":40,"column":8},"end":{"line":42,"column":9}},"11":{"start":{"line":41,"column":12},"end":{"line":41,"column":53}},"12":{"start":{"line":44,"column":21},"end":{"line":44,"column":62}},"13":{"start":{"line":46,"column":8},"end":{"line":48,"column":11}},"14":{"start":{"line":50,"column":8},"end":{"line":55,"column":9}},"15":{"start":{"line":51,"column":12},"end":{"line":54,"column":15}},"16":{"start":{"line":57,"column":8},"end":{"line":60,"column":11}},"17":{"start":{"line":62,"column":8},"end":{"line":62,"column":27}},"18":{"start":{"line":74,"column":4},"end":{"line":100,"column":5}},"19":{"start":{"line":75,"column":26},"end":{"line":75,"column":57}},"20":{"start":{"line":77,"column":8},"end":{"line":79,"column":9}},"21":{"start":{"line":78,"column":12},"end":{"line":78,"column":53}},"22":{"start":{"line":81,"column":21},"end":{"line":81,"column":55}},"23":{"start":{"line":83,"column":8},"end":{"line":85,"column":11}},"24":{"start":{"line":87,"column":8},"end":{"line":92,"column":9}},"25":{"start":{"line":88,"column":12},"end":{"line":91,"column":15}},"26":{"start":{"line":94,"column":8},"end":{"line":97,"column":11}},"27":{"start":{"line":99,"column":8},"end":{"line":99,"column":27}},"28":{"start":{"line":111,"column":4},"end":{"line":137,"column":5}},"29":{"start":{"line":112,"column":26},"end":{"line":112,"column":61}},"30":{"start":{"line":114,"column":8},"end":{"line":116,"column":9}},"31":{"start":{"line":115,"column":12},"end":{"line":115,"column":53}},"32":{"start":{"line":118,"column":28},"end":{"line":118,"column":79}},"33":{"start":{"line":120,"column":8},"end":{"line":122,"column":11}},"34":{"start":{"line":124,"column":8},"end":{"line":129,"column":9}},"35":{"start":{"line":125,"column":12},"end":{"line":128,"column":15}},"36":{"start":{"line":131,"column":8},"end":{"line":134,"column":11}},"37":{"start":{"line":136,"column":8},"end":{"line":136,"column":27}},"38":{"start":{"line":148,"column":4},"end":{"line":174,"column":5}},"39":{"start":{"line":149,"column":26},"end":{"line":149,"column":61}},"40":{"start":{"line":151,"column":8},"end":{"line":153,"column":9}},"41":{"start":{"line":152,"column":12},"end":{"line":152,"column":53}},"42":{"start":{"line":155,"column":28},"end":{"line":155,"column":69}},"43":{"start":{"line":157,"column":8},"end":{"line":159,"column":11}},"44":{"start":{"line":161,"column":8},"end":{"line":166,"column":9}},"45":{"start":{"line":162,"column":12},"end":{"line":165,"column":15}},"46":{"start":{"line":168,"column":8},"end":{"line":171,"column":11}},"47":{"start":{"line":173,"column":8},"end":{"line":173,"column":27}},"48":{"start":{"line":177,"column":0},"end":{"line":183,"column":2}}},"fnMap":{"0":{"name":"findAll","decl":{"start":{"line":12,"column":15},"end":{"line":12,"column":22}},"loc":{"start":{"line":12,"column":39},"end":{"line":27,"column":1}},"line":12},"1":{"name":"findById","decl":{"start":{"line":36,"column":15},"end":{"line":36,"column":23}},"loc":{"start":{"line":36,"column":40},"end":{"line":64,"column":1}},"line":36},"2":{"name":"create","decl":{"start":{"line":73,"column":15},"end":{"line":73,"column":21}},"loc":{"start":{"line":73,"column":38},"end":{"line":101,"column":1}},"line":73},"3":{"name":"updateById","decl":{"start":{"line":110,"column":15},"end":{"line":110,"column":25}},"loc":{"start":{"line":110,"column":42},"end":{"line":138,"column":1}},"line":110},"4":{"name":"deleteById","decl":{"start":{"line":147,"column":15},"end":{"line":147,"column":25}},"loc":{"start":{"line":147,"column":42},"end":{"line":175,"column":1}},"line":147}},"branchMap":{"0":{"loc":{"start":{"line":40,"column":8},"end":{"line":42,"column":9}},"type":"if","locations":[{"start":{"line":40,"column":8},"end":{"line":42,"column":9}},{"start":{},"end":{}}],"line":40},"1":{"loc":{"start":{"line":50,"column":8},"end":{"line":55,"column":9}},"type":"if","locations":[{"start":{"line":50,"column":8},"end":{"line":55,"column":9}},{"start":{},"end":{}}],"line":50},"2":{"loc":{"start":{"line":77,"column":8},"end":{"line":79,"column":9}},"type":"if","locations":[{"start":{"line":77,"column":8},"end":{"line":79,"column":9}},{"start":{},"end":{}}],"line":77},"3":{"loc":{"start":{"line":87,"column":8},"end":{"line":92,"column":9}},"type":"if","locations":[{"start":{"line":87,"column":8},"end":{"line":92,"column":9}},{"start":{},"end":{}}],"line":87},"4":{"loc":{"start":{"line":114,"column":8},"end":{"line":116,"column":9}},"type":"if","locations":[{"start":{"line":114,"column":8},"end":{"line":116,"column":9}},{"start":{},"end":{}}],"line":114},"5":{"loc":{"start":{"line":124,"column":8},"end":{"line":129,"column":9}},"type":"if","locations":[{"start":{"line":124,"column":8},"end":{"line":129,"column":9}},{"start":{},"end":{}}],"line":124},"6":{"loc":{"start":{"line":151,"column":8},"end":{"line":153,"column":9}},"type":"if","locations":[{"start":{"line":151,"column":8},"end":{"line":153,"column":9}},{"start":{},"end":{}}],"line":151},"7":{"loc":{"start":{"line":161,"column":8},"end":{"line":166,"column":9}},"type":"if","locations":[{"start":{"line":161,"column":8},"end":{"line":166,"column":9}},{"start":{},"end":{}}],"line":161}},"s":{"0":1,"1":1,"2":1,"3":2,"4":2,"5":1,"6":1,"7":1,"8":2,"9":2,"10":1,"11":0,"12":1,"13":1,"14":1,"15":0,"16":1,"17":1,"18":2,"19":2,"20":2,"21":0,"22":2,"23":1,"24":1,"25":0,"26":1,"27":1,"28":2,"29":2,"30":1,"31":0,"32":1,"33":1,"34":1,"35":0,"36":1,"37":1,"38":2,"39":2,"40":1,"41":0,"42":1,"43":0,"44":2,"45":0,"46":2,"47":2,"48":1},"f":{"0":2,"1":2,"2":2,"3":2,"4":2},"b":{"0":[0,1],"1":[0,1],"2":[0,2],"3":[0,1],"4":[0,1],"5":[0,1],"6":[0,1],"7":[0,2]},"_coverageSchema":"1a1c01bbd47fc00a2c39e90264f33305004495a9","hash":"39d6886595c7205e68b27aecc2a4464caf3d41c5"}
,"/home/dmitriy_onix/Desktop/Archive/src/components/User/model.js": {"path":"/home/dmitriy_onix/Desktop/Archive/src/components/User/model.js","statementMap":{"0":{"start":{"line":1,"column":19},"end":{"line":1,"column":38}},"1":{"start":{"line":2,"column":20},"end":{"line":2,"column":54}},"2":{"start":{"line":4,"column":19},"end":{"line":19,"column":1}},"3":{"start":{"line":21,"column":0},"end":{"line":21,"column":60}}},"fnMap":{},"branchMap":{},"s":{"0":1,"1":1,"2":1,"3":1},"f":{},"b":{},"_coverageSchema":"1a1c01bbd47fc00a2c39e90264f33305004495a9","hash":"10ff29f2e77566c12b36ba889dbd548219b10d91"}
,"/home/dmitriy_onix/Desktop/Archive/src/components/User/router.js": {"path":"/home/dmitriy_onix/Desktop/Archive/src/components/User/router.js","statementMap":{"0":{"start":{"line":1,"column":19},"end":{"line":1,"column":37}},"1":{"start":{"line":2,"column":22},"end":{"line":2,"column":34}},"2":{"start":{"line":9,"column":15},"end":{"line":9,"column":23}},"3":{"start":{"line":19,"column":0},"end":{"line":19,"column":39}},"4":{"start":{"line":29,"column":0},"end":{"line":29,"column":43}},"5":{"start":{"line":39,"column":0},"end":{"line":39,"column":39}},"6":{"start":{"line":49,"column":0},"end":{"line":49,"column":42}},"7":{"start":{"line":59,"column":0},"end":{"line":59,"column":45}},"8":{"start":{"line":61,"column":0},"end":{"line":61,"column":24}}},"fnMap":{},"branchMap":{},"s":{"0":1,"1":1,"2":1,"3":1,"4":1,"5":1,"6":1,"7":1,"8":1},"f":{},"b":{},"_coverageSchema":"1a1c01bbd47fc00a2c39e90264f33305004495a9","hash":"d0795dcec70de71d7107f3cee021f2e736c8954c"}
,"/home/dmitriy_onix/Desktop/Archive/src/components/User/service.js": {"path":"/home/dmitriy_onix/Desktop/Archive/src/components/User/service.js","statementMap":{"0":{"start":{"line":1,"column":18},"end":{"line":1,"column":36}},"1":{"start":{"line":11,"column":4},"end":{"line":11,"column":37}},"2":{"start":{"line":22,"column":4},"end":{"line":22,"column":41}},"3":{"start":{"line":33,"column":4},"end":{"line":33,"column":37}},"4":{"start":{"line":46,"column":4},"end":{"line":46,"column":59}},"5":{"start":{"line":57,"column":4},"end":{"line":57,"column":47}},"6":{"start":{"line":60,"column":0},"end":{"line":66,"column":2}}},"fnMap":{"0":{"name":"findAll","decl":{"start":{"line":10,"column":9},"end":{"line":10,"column":16}},"loc":{"start":{"line":10,"column":19},"end":{"line":12,"column":1}},"line":10},"1":{"name":"findById","decl":{"start":{"line":21,"column":9},"end":{"line":21,"column":17}},"loc":{"start":{"line":21,"column":22},"end":{"line":23,"column":1}},"line":21},"2":{"name":"create","decl":{"start":{"line":32,"column":9},"end":{"line":32,"column":15}},"loc":{"start":{"line":32,"column":25},"end":{"line":34,"column":1}},"line":32},"3":{"name":"updateById","decl":{"start":{"line":45,"column":9},"end":{"line":45,"column":19}},"loc":{"start":{"line":45,"column":37},"end":{"line":47,"column":1}},"line":45},"4":{"name":"deleteById","decl":{"start":{"line":56,"column":9},"end":{"line":56,"column":19}},"loc":{"start":{"line":56,"column":25},"end":{"line":58,"column":1}},"line":56}},"branchMap":{},"s":{"0":1,"1":0,"2":0,"3":0,"4":0,"5":0,"6":1},"f":{"0":0,"1":0,"2":0,"3":0,"4":0},"b":{},"_coverageSchema":"1a1c01bbd47fc00a2c39e90264f33305004495a9","hash":"97ee4fad6a4fd5fe33c56e2b56468f4d0cb42c4e"}
,"/home/dmitriy_onix/Desktop/Archive/src/components/User/validation.js": {"path":"/home/dmitriy_onix/Desktop/Archive/src/components/User/validation.js","statementMap":{"0":{"start":{"line":1,"column":19},"end":{"line":1,"column":43}},"1":{"start":{"line":15,"column":8},"end":{"line":19,"column":28}},"2":{"start":{"line":29,"column":8},"end":{"line":38,"column":31}},"3":{"start":{"line":48,"column":8},"end":{"line":57,"column":28}},"4":{"start":{"line":66,"column":8},"end":{"line":70,"column":28}},"5":{"start":{"line":74,"column":0},"end":{"line":74,"column":38}}},"fnMap":{"0":{"name":"(anonymous_0)","decl":{"start":{"line":14,"column":4},"end":{"line":14,"column":5}},"loc":{"start":{"line":14,"column":19},"end":{"line":20,"column":5}},"line":14},"1":{"name":"(anonymous_1)","decl":{"start":{"line":28,"column":4},"end":{"line":28,"column":5}},"loc":{"start":{"line":28,"column":20},"end":{"line":39,"column":5}},"line":28},"2":{"name":"(anonymous_2)","decl":{"start":{"line":47,"column":4},"end":{"line":47,"column":5}},"loc":{"start":{"line":47,"column":21},"end":{"line":58,"column":5}},"line":47},"3":{"name":"(anonymous_3)","decl":{"start":{"line":65,"column":4},"end":{"line":65,"column":5}},"loc":{"start":{"line":65,"column":21},"end":{"line":71,"column":5}},"line":65}},"branchMap":{},"s":{"0":2,"1":1,"2":1,"3":1,"4":1,"5":2},"f":{"0":1,"1":1,"2":1,"3":1},"b":{},"_coverageSchema":"1a1c01bbd47fc00a2c39e90264f33305004495a9","hash":"6e4c18314aa0d21fe9d8abe72764bfdcddb14505"}
,"/home/dmitriy_onix/Desktop/Archive/src/config/connection.js": {"path":"/home/dmitriy_onix/Desktop/Archive/src/config/connection.js","statementMap":{"0":{"start":{"line":1,"column":17},"end":{"line":1,"column":36}},"1":{"start":{"line":3,"column":20},"end":{"line":3,"column":96}},"2":{"start":{"line":4,"column":24},"end":{"line":4,"column":31}},"3":{"start":{"line":5,"column":18},"end":{"line":5,"column":52}},"4":{"start":{"line":7,"column":23},"end":{"line":10,"column":1}},"5":{"start":{"line":12,"column":0},"end":{"line":12,"column":70}}},"fnMap":{},"branchMap":{},"s":{"0":1,"1":1,"2":1,"3":1,"4":1,"5":1},"f":{},"b":{},"_coverageSchema":"1a1c01bbd47fc00a2c39e90264f33305004495a9","hash":"b25a7b80fd852aac790da9d24b3b296e3ae8d806"}
,"/home/dmitriy_onix/Desktop/Archive/src/config/middleware.js": {"path":"/home/dmitriy_onix/Desktop/Archive/src/config/middleware.js","statementMap":{"0":{"start":{"line":1,"column":19},"end":{"line":1,"column":41}},"1":{"start":{"line":2,"column":20},"end":{"line":2,"column":42}},"2":{"start":{"line":3,"column":21},"end":{"line":3,"column":45}},"3":{"start":{"line":4,"column":13},"end":{"line":4,"column":28}},"4":{"start":{"line":5,"column":15},"end":{"line":5,"column":32}},"5":{"start":{"line":7,"column":0},"end":{"line":44,"column":2}},"6":{"start":{"line":15,"column":8},"end":{"line":19,"column":10}},"7":{"start":{"line":20,"column":8},"end":{"line":20,"column":35}},"8":{"start":{"line":22,"column":8},"end":{"line":22,"column":32}},"9":{"start":{"line":24,"column":8},"end":{"line":24,"column":31}},"10":{"start":{"line":26,"column":8},"end":{"line":26,"column":26}},"11":{"start":{"line":29,"column":8},"end":{"line":29,"column":24}},"12":{"start":{"line":31,"column":8},"end":{"line":42,"column":11}},"13":{"start":{"line":32,"column":12},"end":{"line":32,"column":91}},"14":{"start":{"line":33,"column":12},"end":{"line":33,"column":64}},"15":{"start":{"line":34,"column":12},"end":{"line":40,"column":14}},"16":{"start":{"line":41,"column":12},"end":{"line":41,"column":19}}},"fnMap":{"0":{"name":"(anonymous_0)","decl":{"start":{"line":14,"column":4},"end":{"line":14,"column":5}},"loc":{"start":{"line":14,"column":14},"end":{"line":43,"column":5}},"line":14},"1":{"name":"(anonymous_1)","decl":{"start":{"line":31,"column":16},"end":{"line":31,"column":17}},"loc":{"start":{"line":31,"column":36},"end":{"line":42,"column":9}},"line":31}},"branchMap":{},"s":{"0":1,"1":1,"2":1,"3":1,"4":1,"5":1,"6":1,"7":1,"8":1,"9":1,"10":1,"11":1,"12":1,"13":10,"14":10,"15":10,"16":10},"f":{"0":1,"1":10},"b":{},"_coverageSchema":"1a1c01bbd47fc00a2c39e90264f33305004495a9","hash":"45a988de1d323f4f3bad97a72eb11926e4dcf1ae"}
,"/home/dmitriy_onix/Desktop/Archive/src/config/router.js": {"path":"/home/dmitriy_onix/Desktop/Archive/src/config/router.js","statementMap":{"0":{"start":{"line":1,"column":16},"end":{"line":1,"column":34}},"1":{"start":{"line":2,"column":13},"end":{"line":2,"column":28}},"2":{"start":{"line":3,"column":19},"end":{"line":3,"column":55}},"3":{"start":{"line":5,"column":0},"end":{"line":42,"column":2}},"4":{"start":{"line":13,"column":23},"end":{"line":13,"column":39}},"5":{"start":{"line":23,"column":8},"end":{"line":23,"column":41}},"6":{"start":{"line":31,"column":8},"end":{"line":33,"column":11}},"7":{"start":{"line":32,"column":12},"end":{"line":32,"column":57}},"8":{"start":{"line":40,"column":8},"end":{"line":40,"column":24}}},"fnMap":{"0":{"name":"(anonymous_0)","decl":{"start":{"line":12,"column":4},"end":{"line":12,"column":5}},"loc":{"start":{"line":12,"column":14},"end":{"line":41,"column":5}},"line":12},"1":{"name":"(anonymous_1)","decl":{"start":{"line":31,"column":16},"end":{"line":31,"column":17}},"loc":{"start":{"line":31,"column":30},"end":{"line":33,"column":9}},"line":31}},"branchMap":{},"s":{"0":1,"1":1,"2":1,"3":1,"4":1,"5":1,"6":1,"7":0,"8":1},"f":{"0":1,"1":0},"b":{},"_coverageSchema":"1a1c01bbd47fc00a2c39e90264f33305004495a9","hash":"5b62b177063e9c82084554bb5a167b33b6516a94"}
,"/home/dmitriy_onix/Desktop/Archive/src/error/ValidationError.js": {"path":"/home/dmitriy_onix/Desktop/Archive/src/error/ValidationError.js","statementMap":{"0":{"start":{"line":11,"column":8},"end":{"line":11,"column":16}},"1":{"start":{"line":12,"column":8},"end":{"line":12,"column":31}},"2":{"start":{"line":13,"column":8},"end":{"line":13,"column":50}},"3":{"start":{"line":17,"column":0},"end":{"line":17,"column":33}}},"fnMap":{"0":{"name":"(anonymous_0)","decl":{"start":{"line":10,"column":4},"end":{"line":10,"column":5}},"loc":{"start":{"line":10,"column":25},"end":{"line":14,"column":5}},"line":10}},"branchMap":{},"s":{"0":0,"1":0,"2":0,"3":1},"f":{"0":0},"b":{},"_coverageSchema":"1a1c01bbd47fc00a2c39e90264f33305004495a9","hash":"4345e1e8a90a36bec53344731c96274e52a80ef6"}
,"/home/dmitriy_onix/Desktop/Archive/src/server/server.js": {"path":"/home/dmitriy_onix/Desktop/Archive/src/server/server.js","statementMap":{"0":{"start":{"line":1,"column":16},"end":{"line":1,"column":34}},"1":{"start":{"line":2,"column":19},"end":{"line":2,"column":50}},"2":{"start":{"line":3,"column":15},"end":{"line":3,"column":42}},"3":{"start":{"line":9,"column":12},"end":{"line":9,"column":21}},"4":{"start":{"line":14,"column":0},"end":{"line":14,"column":21}},"5":{"start":{"line":19,"column":0},"end":{"line":19,"column":17}},"6":{"start":{"line":24,"column":0},"end":{"line":24,"column":42}},"7":{"start":{"line":26,"column":0},"end":{"line":26,"column":21}}},"fnMap":{},"branchMap":{"0":{"loc":{"start":{"line":24,"column":16},"end":{"line":24,"column":40}},"type":"binary-expr","locations":[{"start":{"line":24,"column":16},"end":{"line":24,"column":32}},{"start":{"line":24,"column":36},"end":{"line":24,"column":40}}],"line":24}},"s":{"0":1,"1":1,"2":1,"3":1,"4":1,"5":1,"6":1,"7":1},"f":{},"b":{"0":[1,1]},"_coverageSchema":"1a1c01bbd47fc00a2c39e90264f33305004495a9","hash":"3496259e36f94d68059653c11537ab35ab1f0dc3"}
}
