TN:
SF:src/components/validation.js
FN:14,(anonymous_0)
FN:26,(anonymous_1)
FNF:2
FNH:2
FNDA:2,(anonymous_0)
FNDA:3,(anonymous_1)
DA:1,2
DA:2,2
DA:20,2
DA:21,2
DA:27,3
DA:28,0
DA:33,3
DA:41,2
LF:8
LH:7
BRDA:27,0,0,0
BRDA:27,0,1,3
BRF:2
BRH:1
end_of_record
TN:
SF:src/components/User/index.js
FN:12,findAll
FN:36,findById
FN:73,create
FN:110,updateById
FN:147,deleteById
FNF:5
FNH:5
FNDA:2,findAll
FNDA:2,findById
FNDA:2,create
FNDA:2,updateById
FNDA:2,deleteById
DA:1,1
DA:2,1
DA:3,1
DA:13,2
DA:14,2
DA:16,1
DA:20,1
DA:25,1
DA:37,2
DA:38,2
DA:40,1
DA:41,0
DA:44,1
DA:46,1
DA:50,1
DA:51,0
DA:57,1
DA:62,1
DA:74,2
DA:75,2
DA:77,2
DA:78,0
DA:81,2
DA:83,1
DA:87,1
DA:88,0
DA:94,1
DA:99,1
DA:111,2
DA:112,2
DA:114,1
DA:115,0
DA:118,1
DA:120,1
DA:124,1
DA:125,0
DA:131,1
DA:136,1
DA:148,2
DA:149,2
DA:151,1
DA:152,0
DA:155,1
DA:157,0
DA:161,2
DA:162,0
DA:168,2
DA:173,2
DA:177,1
LF:49
LH:40
BRDA:40,0,0,0
BRDA:40,0,1,1
BRDA:50,1,0,0
BRDA:50,1,1,1
BRDA:77,2,0,0
BRDA:77,2,1,2
BRDA:87,3,0,0
BRDA:87,3,1,1
BRDA:114,4,0,0
BRDA:114,4,1,1
BRDA:124,5,0,0
BRDA:124,5,1,1
BRDA:151,6,0,0
BRDA:151,6,1,1
BRDA:161,7,0,0
BRDA:161,7,1,2
BRF:16
BRH:8
end_of_record
TN:
SF:src/components/User/model.js
FNF:0
FNH:0
DA:1,1
DA:2,1
DA:4,1
DA:21,1
LF:4
LH:4
BRF:0
BRH:0
end_of_record
TN:
SF:src/components/User/router.js
FNF:0
FNH:0
DA:1,1
DA:2,1
DA:9,1
DA:19,1
DA:29,1
DA:39,1
DA:49,1
DA:59,1
DA:61,1
LF:9
LH:9
BRF:0
BRH:0
end_of_record
TN:
SF:src/components/User/service.js
FN:10,findAll
FN:21,findById
FN:32,create
FN:45,updateById
FN:56,deleteById
FNF:5
FNH:0
FNDA:0,findAll
FNDA:0,findById
FNDA:0,create
FNDA:0,updateById
FNDA:0,deleteById
DA:1,1
DA:11,0
DA:22,0
DA:33,0
DA:46,0
DA:57,0
DA:60,1
LF:7
LH:2
BRF:0
BRH:0
end_of_record
TN:
SF:src/components/User/validation.js
FN:14,(anonymous_0)
FN:28,(anonymous_1)
FN:47,(anonymous_2)
FN:65,(anonymous_3)
FNF:4
FNH:4
FNDA:1,(anonymous_0)
FNDA:1,(anonymous_1)
FNDA:1,(anonymous_2)
FNDA:1,(anonymous_3)
DA:1,2
DA:15,1
DA:29,1
DA:48,1
DA:66,1
DA:74,2
LF:6
LH:6
BRF:0
BRH:0
end_of_record
TN:
SF:src/config/connection.js
FNF:0
FNH:0
DA:1,1
DA:3,1
DA:4,1
DA:5,1
DA:7,1
DA:12,1
LF:6
LH:6
BRF:0
BRH:0
end_of_record
TN:
SF:src/config/middleware.js
FN:14,(anonymous_0)
FN:31,(anonymous_1)
FNF:2
FNH:2
FNDA:1,(anonymous_0)
FNDA:10,(anonymous_1)
DA:1,1
DA:2,1
DA:3,1
DA:4,1
DA:5,1
DA:7,1
DA:15,1
DA:20,1
DA:22,1
DA:24,1
DA:26,1
DA:29,1
DA:31,1
DA:32,10
DA:33,10
DA:34,10
DA:41,10
LF:17
LH:17
BRF:0
BRH:0
end_of_record
TN:
SF:src/config/router.js
FN:12,(anonymous_0)
FN:31,(anonymous_1)
FNF:2
FNH:1
FNDA:1,(anonymous_0)
FNDA:0,(anonymous_1)
DA:1,1
DA:2,1
DA:3,1
DA:5,1
DA:13,1
DA:23,1
DA:31,1
DA:32,0
DA:40,1
LF:9
LH:8
BRF:0
BRH:0
end_of_record
TN:
SF:src/error/ValidationError.js
FN:10,(anonymous_0)
FNF:1
FNH:0
FNDA:0,(anonymous_0)
DA:11,0
DA:12,0
DA:13,0
DA:17,1
LF:4
LH:1
BRF:0
BRH:0
end_of_record
TN:
SF:src/server/server.js
FNF:0
FNH:0
DA:1,1
DA:2,1
DA:3,1
DA:9,1
DA:14,1
DA:19,1
DA:24,1
DA:26,1
LF:8
LH:8
BRDA:24,0,0,1
BRDA:24,0,1,1
BRF:2
BRH:2
end_of_record
